-rwxr-xr-x  1 chaitanya users 42048 2006-06-16 00:34 agenda.c
-rwxr-xr-x  1 chaitanya users  7540 2006-06-16 00:34 agenda.h
-rwxr-xr-x  1 chaitanya users 41787 2006-06-16 00:34 analysis.c
-rwxr-xr-x  1 chaitanya users  1850 2006-06-16 00:34 analysis.h
-rwxr-xr-x  1 chaitanya users 38895 2006-06-16 00:34 argacces.c
-rwxr-xr-x  1 chaitanya users  4770 2006-06-16 00:34 argacces.h
-rwxr-xr-x  1 chaitanya users 27553 2006-06-16 00:34 bload.c
-rwxr-xr-x  1 chaitanya users  3442 2006-06-16 00:34 bload.h
-rwxr-xr-x  1 chaitanya users 28670 2006-06-16 00:34 bmathfun.c
-rwxr-xr-x  1 chaitanya users  2939 2006-06-16 00:34 bmathfun.h
-rwxr-xr-x  1 chaitanya users 19164 2006-06-16 00:34 bsave.c
-rwxr-xr-x  1 chaitanya users  3798 2006-06-16 00:34 bsave.h
-rwxr-xr-x  1 chaitanya users 28997 2006-06-16 00:34 classcom.c
-rwxr-xr-x  1 chaitanya users  6633 2006-06-16 00:34 classcom.h
-rwxr-xr-x  1 chaitanya users 45030 2006-06-16 00:34 classexm.c
-rwxr-xr-x  1 chaitanya users  4666 2006-06-16 00:34 classexm.h
-rwxr-xr-x  1 chaitanya users 42550 2006-06-16 00:34 classfun.c
-rwxr-xr-x  1 chaitanya users  4921 2006-06-16 00:34 classfun.h
-rwxr-xr-x  1 chaitanya users 37085 2006-06-16 00:34 classinf.c
-rwxr-xr-x  1 chaitanya users  5305 2006-06-16 00:34 classinf.h
-rwxr-xr-x  1 chaitanya users 33646 2006-06-16 00:34 classini.c
-rwxr-xr-x  1 chaitanya users  1679 2002-01-21 03:11 classini.h
-rwxr-xr-x  1 chaitanya users 35023 2006-06-16 00:34 classpsr.c
-rwxr-xr-x  1 chaitanya users  1442 2002-01-21 03:11 classpsr.h
-rwxr-xr-x  1 chaitanya users  3229 2006-06-16 00:34 clips.h
-rwxr-xr-x  1 chaitanya users 34595 2006-06-16 00:34 clsltpsr.c
-rwxr-xr-x  1 chaitanya users  1880 2006-06-16 00:34 clsltpsr.h
-rwxr-xr-x  1 chaitanya users  4180 2002-01-21 03:11 cmptblty.h
-rwxr-xr-x  1 chaitanya users 34522 2006-06-16 00:34 commline.c
-rwxr-xr-x  1 chaitanya users  4066 2006-06-16 00:34 commline.h
-rwxr-xr-x  1 chaitanya users 55067 2006-06-16 00:34 conscomp.c
-rwxr-xr-x  1 chaitanya users  4462 2006-06-16 00:34 conscomp.h
-rwxr-xr-x  1 chaitanya users  7481 2006-06-16 00:34 constant.h
-rwxr-xr-x  1 chaitanya users 28601 2006-06-16 00:34 constrct.c
-rwxr-xr-x  1 chaitanya users  7615 2006-06-16 00:34 constrct.h
-rwxr-xr-x  1 chaitanya users 23082 2006-06-16 00:34 constrnt.c
-rwxr-xr-x  1 chaitanya users  5239 2006-06-16 00:34 constrnt.h
-rwxr-xr-x  1 chaitanya users 32959 2006-06-16 00:34 crstrtgy.c
-rwxr-xr-x  1 chaitanya users  2852 2006-06-16 00:34 crstrtgy.h
-rwxr-xr-x  1 chaitanya users  5883 2006-06-16 00:34 cstrcbin.c
-rwxr-xr-x  1 chaitanya users  2095 2002-01-21 03:11 cstrcbin.h
-rwxr-xr-x  1 chaitanya users  1721 2002-01-21 03:11 cstrccmp.h
-rwxr-xr-x  1 chaitanya users 57441 2006-06-16 00:34 cstrccom.c
-rwxr-xr-x  1 chaitanya users  5934 2006-06-16 00:34 cstrccom.h
-rwxr-xr-x  1 chaitanya users 25003 2006-06-16 00:34 cstrcpsr.c
-rwxr-xr-x  1 chaitanya users  2492 2006-06-16 00:34 cstrcpsr.h
-rwxr-xr-x  1 chaitanya users 12013 2006-06-16 00:34 cstrnbin.c
-rwxr-xr-x  1 chaitanya users  2124 2002-01-21 03:12 cstrnbin.h
-rwxr-xr-x  1 chaitanya users 29878 2006-06-16 00:34 cstrnchk.c
-rwxr-xr-x  1 chaitanya users  3505 2006-06-16 00:34 cstrnchk.h
-rwxr-xr-x  1 chaitanya users  7984 2006-06-16 00:34 cstrncmp.c
-rwxr-xr-x  1 chaitanya users  1884 2002-01-21 03:13 cstrncmp.h
-rwxr-xr-x  1 chaitanya users 43868 2006-06-16 00:34 cstrnops.c
-rwxr-xr-x  1 chaitanya users  1978 2006-06-16 00:34 cstrnops.h
-rwxr-xr-x  1 chaitanya users 51486 2006-06-16 00:34 cstrnpsr.c
-rwxr-xr-x  1 chaitanya users  3329 2006-06-16 00:34 cstrnpsr.h
-rwxr-xr-x  1 chaitanya users 21547 2006-06-16 00:34 cstrnutl.c
-rwxr-xr-x  1 chaitanya users  2383 2002-01-21 03:12 cstrnutl.h
-rwxr-xr-x  1 chaitanya users 16897 2006-06-16 00:34 default.c
-rwxr-xr-x  1 chaitanya users  1987 2006-06-16 00:34 default.h
-rwxr-xr-x  1 chaitanya users 33219 2006-06-16 00:34 defins.c
-rwxr-xr-x  1 chaitanya users  5290 2006-06-16 00:34 defins.h
-rwxr-xr-x  1 chaitanya users 17845 2006-06-16 00:34 developr.c
-rwxr-xr-x  1 chaitanya users  2238 2006-06-16 00:34 developr.h
-rwxr-xr-x  1 chaitanya users 20138 2006-06-16 00:34 dffctbin.c
-rwxr-xr-x  1 chaitanya users  2185 2002-01-21 03:12 dffctbin.h
-rwxr-xr-x  1 chaitanya users 10600 2006-06-16 00:34 dffctbsc.c
-rwxr-xr-x  1 chaitanya users  3050 2006-06-16 00:34 dffctbsc.h
-rwxr-xr-x  1 chaitanya users  9951 2006-06-16 00:34 dffctcmp.c
-rwxr-xr-x  1 chaitanya users  1499 2002-01-21 03:12 dffctcmp.h
-rwxr-xr-x  1 chaitanya users  9860 2006-06-16 00:34 dffctdef.c
-rwxr-xr-x  1 chaitanya users  4129 2006-06-16 00:34 dffctdef.h
-rwxr-xr-x  1 chaitanya users  5760 2006-06-16 00:34 dffctpsr.c
-rwxr-xr-x  1 chaitanya users  1468 2002-01-21 03:11 dffctpsr.h
-rwxr-xr-x  1 chaitanya users 20710 2006-06-16 00:34 dffnxbin.c
-rwxr-xr-x  1 chaitanya users  1986 2002-01-21 03:11 dffnxbin.h
-rwxr-xr-x  1 chaitanya users 13445 2002-01-21 03:13 dffnxcmp.c
-rwxr-xr-x  1 chaitanya users  1710 2002-01-21 03:12 dffnxcmp.h
-rwxr-xr-x  1 chaitanya users  7757 2006-06-16 00:34 dffnxexe.c
-rwxr-xr-x  1 chaitanya users  1584 2002-01-21 03:13 dffnxexe.h
-rwxr-xr-x  1 chaitanya users 36778 2006-06-16 00:34 dffnxfun.c
-rwxr-xr-x  1 chaitanya users  6409 2006-06-16 00:34 dffnxfun.h
-rwxr-xr-x  1 chaitanya users 17610 2006-06-16 00:34 dffnxpsr.c
-rwxr-xr-x  1 chaitanya users  1626 2006-06-16 00:34 dffnxpsr.h
-rwxr-xr-x  1 chaitanya users 20377 2006-06-16 00:34 dfinsbin.c
-rwxr-xr-x  1 chaitanya users  1924 2002-01-21 03:12 dfinsbin.h
-rwxr-xr-x  1 chaitanya users 12130 2002-01-21 03:10 dfinscmp.c
-rwxr-xr-x  1 chaitanya users  1611 2002-01-21 03:13 dfinscmp.h
-rwxr-xr-x  1 chaitanya users 36228 2006-06-16 00:34 drive.c
-rwxr-xr-x  1 chaitanya users  2080 2006-06-16 00:34 drive.h
-rwxr-xr-x  1 chaitanya users 53672 2006-06-16 00:34 edbasic.c
-rwxr-xr-x  1 chaitanya users 17586 2006-06-16 00:34 ed.h
-rwxr-xr-x  1 chaitanya users 25498 2006-06-16 00:34 edmain.c
-rwxr-xr-x  1 chaitanya users 56167 2006-06-16 00:34 edmisc.c
-rwxr-xr-x  1 chaitanya users 69287 2002-01-21 03:12 edstruct.c
-rwxr-xr-x  1 chaitanya users 16420 2006-06-16 00:34 edterm.c
-rwxr-xr-x  1 chaitanya users 28856 2006-06-16 00:34 emathfun.c
-rwxr-xr-x  1 chaitanya users  4098 2002-01-21 03:11 emathfun.h
-rwxr-xr-x  1 chaitanya users 43990 2006-06-16 00:34 engine.c
-rwxr-xr-x  1 chaitanya users  7891 2006-06-16 00:34 engine.h
-rwxr-xr-x  1 chaitanya users 21361 2006-06-16 00:34 envrnmnt.c
-rwxr-xr-x  1 chaitanya users  4068 2006-06-16 00:34 envrnmnt.h
-rwxr-xr-x  1 chaitanya users 36909 2006-06-16 00:34 evaluatn.c
-rwxr-xr-x  1 chaitanya users 10417 2006-06-16 00:34 evaluatn.h
-rwxr-xr-x  1 chaitanya users 15582 2006-06-16 00:34 expressn.c
-rwxr-xr-x  1 chaitanya users  5106 2006-06-16 00:34 expressn.h
-rwxr-xr-x  1 chaitanya users 17407 2006-06-16 00:34 exprnbin.c
-rwxr-xr-x  1 chaitanya users  2301 2002-01-21 03:11 exprnbin.h
-rwxr-xr-x  1 chaitanya users 19000 2006-06-16 00:34 exprnops.c
-rwxr-xr-x  1 chaitanya users  2681 2006-06-16 00:34 exprnops.h
-rwxr-xr-x  1 chaitanya users 29040 2006-06-16 00:34 exprnpsr.c
-rwxr-xr-x  1 chaitanya users  3551 2006-06-16 00:34 exprnpsr.h
-rwxr-xr-x  1 chaitanya users 23399 2006-06-16 00:34 extnfunc.c
-rwxr-xr-x  1 chaitanya users  5213 2006-06-16 00:34 extnfunc.h
-rwxr-xr-x  1 chaitanya users 16072 2006-06-16 00:34 factbin.c
-rwxr-xr-x  1 chaitanya users  1907 2002-01-21 03:13 factbin.h
-rwxr-xr-x  1 chaitanya users 40004 2006-06-16 00:34 factbld.c
-rwxr-xr-x  1 chaitanya users  2047 2002-01-21 03:13 factbld.h
-rwxr-xr-x  1 chaitanya users 13812 2002-01-21 03:12 factcmp.c
-rwxr-xr-x  1 chaitanya users  1605 2002-01-21 03:10 factcmp.h
-rwxr-xr-x  1 chaitanya users 44374 2006-06-16 00:34 factcom.c
-rwxr-xr-x  1 chaitanya users  3029 2006-06-16 00:34 factcom.h
-rwxr-xr-x  1 chaitanya users 21880 2006-06-16 00:34 factfun.c
-rwxr-xr-x  1 chaitanya users  3526 2006-06-16 00:34 factfun.h
-rwxr-xr-x  1 chaitanya users 50464 2006-06-16 00:34 factgen.c
-rwxr-xr-x  1 chaitanya users  7842 2006-06-16 00:34 factgen.h
-rwxr-xr-x  1 chaitanya users  8567 2006-06-16 00:34 facthsh.c
-rwxr-xr-x  1 chaitanya users  2606 2006-06-16 00:34 facthsh.h
-rwxr-xr-x  1 chaitanya users 10517 2006-06-16 00:34 factlhs.c
-rwxr-xr-x  1 chaitanya users  1770 2002-01-21 03:13 factlhs.h
-rwxr-xr-x  1 chaitanya users 33189 2006-06-16 00:34 factmch.c
-rwxr-xr-x  1 chaitanya users  1996 2002-01-21 03:13 factmch.h
-rwxr-xr-x  1 chaitanya users 54852 2006-06-16 00:34 factmngr.c
-rwxr-xr-x  1 chaitanya users  7975 2006-06-16 00:34 factmngr.h
-rwxr-xr-x  1 chaitanya users 14692 2006-06-16 00:34 factprt.c
-rwxr-xr-x  1 chaitanya users  2351 2002-01-21 03:11 factprt.h
-rw-r--r--  1 chaitanya users 26098 2006-06-16 00:34 factqpsr.c
-rw-r--r--  1 chaitanya users  1748 2006-06-16 00:34 factqpsr.h
-rw-r--r--  1 chaitanya users 43667 2006-06-16 00:34 factqury.c
-rw-r--r--  1 chaitanya users  3208 2006-06-16 00:34 factqury.h
-rwxr-xr-x  1 chaitanya users 34278 2006-06-16 00:34 factrete.c
-rwxr-xr-x  1 chaitanya users  2876 2006-06-16 00:34 factrete.h
-rwxr-xr-x  1 chaitanya users 21792 2006-06-16 00:34 factrhs.c
-rwxr-xr-x  1 chaitanya users  1989 2002-01-21 03:13 factrhs.h
-rwxr-xr-x  1 chaitanya users 39048 2006-06-16 00:34 filecom.c
-rwxr-xr-x  1 chaitanya users  3505 2006-06-16 00:34 filecom.h
-rwxr-xr-x  1 chaitanya users 10654 2006-06-16 00:34 filertr.c
-rwxr-xr-x  1 chaitanya users  2227 2006-06-16 00:34 filertr.h
-rwxr-xr-x  1 chaitanya users 36324 2002-01-21 03:12 generate.c
-rwxr-xr-x  1 chaitanya users  1769 2002-01-21 03:13 generate.h
-rwxr-xr-x  1 chaitanya users 36261 2006-06-16 00:34 genrcbin.c
-rwxr-xr-x  1 chaitanya users  2035 2002-01-21 03:11 genrcbin.h
-rwxr-xr-x  1 chaitanya users 24286 2006-06-16 00:34 genrccmp.c
-rwxr-xr-x  1 chaitanya users  1630 2002-01-21 03:11 genrccmp.h
-rwxr-xr-x  1 chaitanya users 64734 2006-06-16 00:34 genrccom.c
-rwxr-xr-x  1 chaitanya users  7827 2006-06-16 00:34 genrccom.h
-rwxr-xr-x  1 chaitanya users 27113 2006-06-16 00:34 genrcexe.c
-rwxr-xr-x  1 chaitanya users  2128 2006-06-16 00:34 genrcexe.h
-rwxr-xr-x  1 chaitanya users 27903 2006-06-16 00:34 genrcfun.c
-rwxr-xr-x  1 chaitanya users  4757 2006-06-16 00:34 genrcfun.h
-rwxr-xr-x  1 chaitanya users 57289 2006-06-16 00:34 genrcpsr.c
-rwxr-xr-x  1 chaitanya users  2121 2006-06-16 00:34 genrcpsr.h
-rwxr-xr-x  1 chaitanya users 19227 2006-06-16 00:34 globlbin.c
-rwxr-xr-x  1 chaitanya users  2322 2002-01-21 03:12 globlbin.h
-rwxr-xr-x  1 chaitanya users 12006 2006-06-16 00:34 globlbsc.c
-rwxr-xr-x  1 chaitanya users  3512 2006-06-16 00:34 globlbsc.h
-rwxr-xr-x  1 chaitanya users 11741 2006-06-16 00:34 globlcmp.c
-rwxr-xr-x  1 chaitanya users  1605 2002-01-21 03:12 globlcmp.h
-rwxr-xr-x  1 chaitanya users  9214 2006-06-16 00:34 globlcom.c
-rwxr-xr-x  1 chaitanya users  2507 2006-06-16 00:34 globlcom.h
-rwxr-xr-x  1 chaitanya users 31038 2006-06-16 00:34 globldef.c
-rwxr-xr-x  1 chaitanya users  6156 2006-06-16 00:34 globldef.h
-rwxr-xr-x  1 chaitanya users 17178 2006-06-16 00:34 globlpsr.c
-rwxr-xr-x  1 chaitanya users  1801 2006-06-16 00:34 globlpsr.h
-rwxr-xr-x  1 chaitanya users 15297 2006-06-16 00:34 immthpsr.c
-rwxr-xr-x  1 chaitanya users  1525 2002-01-21 03:13 immthpsr.h
-rwxr-xr-x  1 chaitanya users 15402 2006-06-16 00:34 incrrset.c
-rwxr-xr-x  1 chaitanya users  2402 2006-06-16 00:34 incrrset.h
-rwxr-xr-x  1 chaitanya users 33438 2006-06-16 00:34 inherpsr.c
-rwxr-xr-x  1 chaitanya users  1720 2002-01-21 03:13 inherpsr.h
-rwxr-xr-x  1 chaitanya users 55961 2006-06-16 00:34 inscom.c
-rwxr-xr-x  1 chaitanya users  6312 2006-06-16 00:34 inscom.h
-rwxr-xr-x  1 chaitanya users 59896 2006-06-16 00:34 insfile.c
-rwxr-xr-x  1 chaitanya users  4066 2006-06-16 00:34 insfile.h
-rwxr-xr-x  1 chaitanya users 47749 2006-06-16 00:34 insfun.c
-rwxr-xr-x  1 chaitanya users  4974 2006-06-16 00:34 insfun.h
-rwxr-xr-x  1 chaitanya users 40949 2006-06-16 00:34 insmngr.c
-rwxr-xr-x  1 chaitanya users  2252 2006-06-16 00:34 insmngr.h
-rwxr-xr-x  1 chaitanya users 38613 2006-06-16 00:34 insmoddp.c
-rwxr-xr-x  1 chaitanya users  2665 2006-06-16 00:34 insmoddp.h
-rwxr-xr-x  1 chaitanya users 20052 2006-06-16 00:34 insmult.c
-rwxr-xr-x  1 chaitanya users  1945 2006-06-16 00:34 insmult.h
-rwxr-xr-x  1 chaitanya users 22337 2006-06-16 00:34 inspsr.c
-rwxr-xr-x  1 chaitanya users  1647 2002-01-21 03:12 inspsr.h
-rwxr-xr-x  1 chaitanya users 45346 2006-06-16 00:34 insquery.c
-rwxr-xr-x  1 chaitanya users  3059 2006-06-16 00:34 insquery.h
-rwxr-xr-x  1 chaitanya users 25181 2006-06-16 00:34 insqypsr.c
-rwxr-xr-x  1 chaitanya users  1614 2002-01-21 03:12 insqypsr.h
-rwxr-xr-x  1 chaitanya users 48858 2006-06-16 00:34 iofun.c
-rwxr-xr-x  1 chaitanya users  2506 2006-06-16 00:34 iofun.h
-rwxr-xr-x  1 chaitanya users 26094 2006-06-16 00:34 lgcldpnd.c
-rwxr-xr-x  1 chaitanya users  2678 2006-06-16 00:34 lgcldpnd.h
-rwxr-xr-x  1 chaitanya users  4641 2006-06-16 00:34 main.c
-rwxr-xr-x  1 chaitanya users  3856 2006-06-16 00:34 match.h
-rwxr-xr-x  1 chaitanya users 37673 2006-06-16 00:34 memalloc.c
-rwxr-xr-x  1 chaitanya users  8970 2006-06-16 00:34 memalloc.h
-rwxr-xr-x  1 chaitanya users 44748 2006-06-16 00:34 miscfun.c
-rwxr-xr-x  1 chaitanya users  3306 2006-06-16 00:34 miscfun.h
-rwxr-xr-x  1 chaitanya users 23831 2006-06-16 00:34 modulbin.c
-rwxr-xr-x  1 chaitanya users  2506 2002-01-21 03:13 modulbin.h
-rwxr-xr-x  1 chaitanya users  6817 2006-06-16 00:34 modulbsc.c
-rwxr-xr-x  1 chaitanya users  2356 2002-01-21 03:11 modulbsc.h
-rwxr-xr-x  1 chaitanya users 19584 2006-06-16 00:34 modulcmp.c
-rwxr-xr-x  1 chaitanya users  1707 2002-01-21 03:12 modulcmp.h
-rwxr-xr-x  1 chaitanya users 28255 2006-06-16 00:34 moduldef.c
-rwxr-xr-x  1 chaitanya users 11304 2006-06-16 00:34 moduldef.h
-rwxr-xr-x  1 chaitanya users 41527 2006-06-16 00:34 modulpsr.c
-rwxr-xr-x  1 chaitanya users  2215 2002-01-21 03:13 modulpsr.h
-rwxr-xr-x  1 chaitanya users 24255 2006-06-16 00:34 modulutl.c
-rwxr-xr-x  1 chaitanya users  3128 2002-01-21 03:12 modulutl.h
-rwxr-xr-x  1 chaitanya users 40159 2006-06-16 00:34 msgcom.c
-rwxr-xr-x  1 chaitanya users  5640 2002-01-21 03:10 msgcom.h
-rwxr-xr-x  1 chaitanya users 35900 2006-06-16 00:34 msgfun.c
-rwxr-xr-x  1 chaitanya users  3869 2006-06-16 00:34 msgfun.h
-rwxr-xr-x  1 chaitanya users 50542 2006-06-16 00:34 msgpass.c
-rwxr-xr-x  1 chaitanya users  3383 2006-06-16 00:34 msgpass.h
-rwxr-xr-x  1 chaitanya users 26079 2006-06-16 00:34 msgpsr.c
-rwxr-xr-x  1 chaitanya users  1587 2002-01-21 03:13 msgpsr.h
-rwxr-xr-x  1 chaitanya users 28002 2006-06-16 00:34 multifld.c
-rwxr-xr-x  1 chaitanya users  5793 2006-06-16 00:34 multifld.h
-rwxr-xr-x  1 chaitanya users 52899 2006-06-16 00:34 multifun.c
-rwxr-xr-x  1 chaitanya users  4083 2006-06-16 00:34 multifun.h
-rwxr-xr-x  1 chaitanya users  2372 2002-01-21 03:13 network.h
-rwxr-xr-x  1 chaitanya users 59058 2006-06-16 00:34 objbin.c
-rwxr-xr-x  1 chaitanya users  2305 2002-01-21 03:11 objbin.h
-rwxr-xr-x  1 chaitanya users 58607 2006-06-16 00:34 objcmp.c
-rwxr-xr-x  1 chaitanya users  1974 2002-01-21 03:12 objcmp.h
-rwxr-xr-x  1 chaitanya users  5822 2006-06-16 00:34 object.h
-rwxr-xr-x  1 chaitanya users 20707 2006-06-16 00:34 objrtbin.c
-rwxr-xr-x  1 chaitanya users  1953 2006-06-16 00:34 objrtbin.h
-rwxr-xr-x  1 chaitanya users 87113 2006-06-16 00:34 objrtbld.c
-rwxr-xr-x  1 chaitanya users  1628 2006-06-16 00:34 objrtbld.h
-rwxr-xr-x  1 chaitanya users 18318 2006-06-16 00:34 objrtcmp.c
-rwxr-xr-x  1 chaitanya users  1826 2006-06-16 00:34 objrtcmp.h
-rwxr-xr-x  1 chaitanya users 49855 2006-06-16 00:34 objrtfnx.c
-rwxr-xr-x  1 chaitanya users  5814 2006-06-16 00:34 objrtfnx.h
-rwxr-xr-x  1 chaitanya users 24761 2006-06-16 00:34 objrtgen.c
-rwxr-xr-x  1 chaitanya users  2537 2006-06-16 00:34 objrtgen.h
-rwxr-xr-x  1 chaitanya users 55429 2006-06-16 00:34 objrtmch.c
-rwxr-xr-x  1 chaitanya users  4293 2006-06-16 00:34 objrtmch.h
-rwxr-xr-x  1 chaitanya users 14089 2006-06-16 00:34 parsefun.c
-rwxr-xr-x  1 chaitanya users  1707 2002-01-21 03:11 parsefun.h
-rwxr-xr-x  1 chaitanya users 41899 2006-06-16 00:34 pattern.c
-rwxr-xr-x  1 chaitanya users  6488 2006-06-16 00:34 pattern.h
-rwxr-xr-x  1 chaitanya users 11503 2006-06-16 00:34 pprint.c
-rwxr-xr-x  1 chaitanya users  2809 2002-01-21 03:13 pprint.h
-rwxr-xr-x  1 chaitanya users 57310 2006-06-16 00:34 prccode.c
-rwxr-xr-x  1 chaitanya users  4270 2006-06-16 00:34 prccode.h
-rwxr-xr-x  1 chaitanya users 21719 2006-06-16 00:34 prcdrfun.c
-rwxr-xr-x  1 chaitanya users  2974 2006-06-16 00:34 prcdrfun.h
-rwxr-xr-x  1 chaitanya users 34209 2006-06-16 00:34 prcdrpsr.c
-rwxr-xr-x  1 chaitanya users  2522 2006-06-16 00:34 prcdrpsr.h
-rwxr-xr-x  1 chaitanya users 26960 2006-06-16 00:34 prdctfun.c
-rwxr-xr-x  1 chaitanya users  2969 2006-06-16 00:34 prdctfun.h
-rwxr-xr-x  1 chaitanya users 20185 2006-06-16 00:34 prntutil.c
-rwxr-xr-x  1 chaitanya users  4246 2006-06-16 00:34 prntutil.h
-rwxr-xr-x  1 chaitanya users 30750 2006-06-16 00:34 proflfun.c
-rwxr-xr-x  1 chaitanya users  3807 2006-06-16 00:34 proflfun.h
-rwxr-xr-x  1 chaitanya users 57954 2006-06-16 00:34 reorder.c
-rwxr-xr-x  1 chaitanya users  4064 2002-01-21 03:12 reorder.h
-rwxr-xr-x  1 chaitanya users 20485 2006-06-16 00:34 reteutil.c
-rwxr-xr-x  1 chaitanya users  3433 2006-06-16 00:34 reteutil.h
-rwxr-xr-x  1 chaitanya users 40061 2006-06-16 00:34 retract.c
-rwxr-xr-x  1 chaitanya users  2562 2006-06-16 00:34 retract.h
-rwxr-xr-x  1 chaitanya users 23862 2006-06-16 00:34 router.c
-rwxr-xr-x  1 chaitanya users  6466 2006-06-16 00:34 router.h
-rwxr-xr-x  1 chaitanya users 36429 2006-06-16 00:34 rulebin.c
-rwxr-xr-x  1 chaitanya users  3923 2002-01-21 03:12 rulebin.h
-rwxr-xr-x  1 chaitanya users 23852 2006-06-16 00:34 rulebld.c
-rwxr-xr-x  1 chaitanya users  1918 2002-01-21 03:10 rulebld.h
-rwxr-xr-x  1 chaitanya users 14028 2006-06-16 00:34 rulebsc.c
-rwxr-xr-x  1 chaitanya users  4396 2006-06-16 00:34 rulebsc.h
-rwxr-xr-x  1 chaitanya users 18253 2006-06-16 00:34 rulecmp.c
-rwxr-xr-x  1 chaitanya users  1797 2002-01-21 03:11 rulecmp.h
-rwxr-xr-x  1 chaitanya users 15475 2006-06-16 00:34 rulecom.c
-rwxr-xr-x  1 chaitanya users  2289 2006-06-16 00:34 rulecom.h
-rwxr-xr-x  1 chaitanya users 33452 2006-06-16 00:34 rulecstr.c
-rwxr-xr-x  1 chaitanya users  2481 2006-06-16 00:34 rulecstr.h
-rwxr-xr-x  1 chaitanya users 10080 2006-06-16 00:34 ruledef.c
-rwxr-xr-x  1 chaitanya users  5553 2006-06-16 00:34 ruledef.h
-rwxr-xr-x  1 chaitanya users 15506 2006-06-16 00:34 ruledlt.c
-rwxr-xr-x  1 chaitanya users  1615 2002-01-21 03:13 ruledlt.h
-rwxr-xr-x  1 chaitanya users 41837 2006-06-16 00:34 rulelhs.c
-rwxr-xr-x  1 chaitanya users  1800 2002-01-21 03:11 rulelhs.h
-rwxr-xr-x  1 chaitanya users 33589 2006-06-16 00:34 rulepsr.c
-rwxr-xr-x  1 chaitanya users  1560 2002-01-21 03:12 rulepsr.h
-rwxr-xr-x  1 chaitanya users 29369 2006-06-16 00:34 scanner.c
-rwxr-xr-x  1 chaitanya users  2341 2002-01-21 03:13 scanner.h
-rwxr-xr-x  1 chaitanya users 17303 2006-06-16 00:34 setup.h
-rwxr-xr-x  1 chaitanya users 14230 2006-06-16 00:34 sortfun.c
-rwxr-xr-x  1 chaitanya users  1673 2002-01-21 03:12 sortfun.h
-rwxr-xr-x  1 chaitanya users 34138 2006-06-16 00:34 strngfun.c
-rwxr-xr-x  1 chaitanya users  2805 2006-06-16 00:34 strngfun.h
-rwxr-xr-x  1 chaitanya users 10836 2006-06-16 00:34 strngrtr.c
-rwxr-xr-x  1 chaitanya users  2482 2002-01-21 03:11 strngrtr.h
-rwxr-xr-x  1 chaitanya users 20723 2002-01-21 03:11 symblbin.c
-rwxr-xr-x  1 chaitanya users  2656 2002-01-21 03:13 symblbin.h
-rwxr-xr-x  1 chaitanya users 28040 2006-06-16 00:34 symblcmp.c
-rwxr-xr-x  1 chaitanya users  2071 2006-06-16 00:34 symblcmp.h
-rwxr-xr-x  1 chaitanya users 54223 2006-06-16 00:34 symbol.c
-rwxr-xr-x  1 chaitanya users 11246 2006-06-16 00:34 symbol.h
-rwxr-xr-x  1 chaitanya users 49341 2006-06-16 00:34 sysdep.c
-rwxr-xr-x  1 chaitanya users  4358 2006-06-16 00:34 sysdep.h
-rwxr-xr-x  1 chaitanya users 71749 2006-06-16 00:34 textpro.c
-rwxr-xr-x  1 chaitanya users  2015 2006-06-16 00:34 textpro.h
-rwxr-xr-x  1 chaitanya users 26810 2006-06-16 00:34 tmpltbin.c
-rwxr-xr-x  1 chaitanya users  2815 2002-01-21 03:11 tmpltbin.h
-rwxr-xr-x  1 chaitanya users 12091 2006-06-16 00:34 tmpltbsc.c
-rwxr-xr-x  1 chaitanya users  3908 2006-06-16 00:34 tmpltbsc.h
-rwxr-xr-x  1 chaitanya users 14822 2006-06-16 00:34 tmpltcmp.c
-rwxr-xr-x  1 chaitanya users  1609 2002-01-21 03:13 tmpltcmp.h
-rwxr-xr-x  1 chaitanya users 16273 2006-06-16 00:34 tmpltdef.c
-rwxr-xr-x  1 chaitanya users  5764 2006-06-16 00:34 tmpltdef.h
-rwxr-xr-x  1 chaitanya users 66654 2006-06-16 00:34 tmpltfun.c
-rwxr-xr-x  1 chaitanya users  6730 2006-06-16 00:34 tmpltfun.h
-rwxr-xr-x  1 chaitanya users 12348 2006-06-16 00:34 tmpltlhs.c
-rwxr-xr-x  1 chaitanya users  1540 2002-01-21 03:13 tmpltlhs.h
-rwxr-xr-x  1 chaitanya users 21112 2006-06-16 00:34 tmpltpsr.c
-rwxr-xr-x  1 chaitanya users  1605 2002-01-21 03:10 tmpltpsr.h
-rwxr-xr-x  1 chaitanya users 19565 2006-06-16 00:34 tmpltrhs.c
-rwxr-xr-x  1 chaitanya users  1684 2002-01-21 03:11 tmpltrhs.h
-rwxr-xr-x  1 chaitanya users 18586 2006-06-16 00:34 tmpltutl.c
-rwxr-xr-x  1 chaitanya users  3179 2006-06-16 00:34 tmpltutl.h
-rwxr-xr-x  1 chaitanya users  5204 2002-01-21 03:13 userdata.c
-rwxr-xr-x  1 chaitanya users  2543 2002-01-21 03:12 userdata.h
-rw-r--r--  1 chaitanya users  4273 2006-06-16 00:34 userfunctions.c
-rwxr-xr-x  1 chaitanya users     2 2006-06-16 00:34 usrsetup.h
-rwxr-xr-x  1 chaitanya users 27312 2006-06-16 00:34 utility.c
-rwxr-xr-x  1 chaitanya users  5267 2006-06-16 00:34 utility.h
-rwxr-xr-x  1 chaitanya users 20550 2006-06-16 00:34 watch.c
-rwxr-xr-x  1 chaitanya users  3810 2006-06-16 00:34 watch.h
