Extraction started at 2012-Apr-23 09:51 PM on mitali.
Properties: {fFilterCorpus=data/dev/nc-dev2007.tok.fr, outputFile=models/phrases.gz, inputDir=models}
Maximum internal phrase length (F): 1000
Maximum internal phrase length (E): 1000
Maximum extracted phrase length (F): 7
Maximum extracted phrase length (E): 7
Enumerating phrases in: data/dev/nc-dev2007.tok.fr
Line 0... 100... 200... 300... 400... 500... 600... 700... 800... 900... 1000... 1100... 1200... 1300... 1400...
Phrases in data/dev/nc-dev2007.tok.fr: 11382
edu.stanford.nlp.mt.base.DynamicIntegerArrayIndex@199f91c locked.
output file: models/phrases.gz
Exact denominator counts for phi(f|e): true
Phrase extractor set to count alignments: true
Cut-off value for phi(e|f): 0.00010
Cut-off value for lex(e|f): 0.00000
Instantiating feature extractor: edu.stanford.nlp.mt.train.MosesPharoahFeatureExtractor
Orientation type: msd2-bidirectional-fe
Phrasal orientation model: true
Hierarchical orientation model: false
Left and right discontinuous: yes
Orientation enabled: monotone, idx=0
Orientation enabled: swap, idx=1
Orientation enabled: discont1, idx=2
Orientation enabled: discont2, idx=3
Orientation model direction: bidirectional
Instantiating feature extractor: edu.stanford.nlp.mt.train.LexicalReorderingFeatureExtractor
Using flat phrase extractor (fast version).
Pass 1 on training data (max phrase len: 1000,1000)...
Line 0 (mem=1002m)... 1000 (mem=968m)... 2000 (mem=935m)... 3000 (mem=988m)... 4000 (mem=961m)... 5000 (mem=930m)... 6000 (mem=984m)... 7000 (mem=951m)... 8000 (mem=922m)... 9000 (mem=983m)... 10000 (mem=957m)... 11000 (mem=928m)... 12000 (mem=978m)... 13000 (mem=943m)... 14000 (mem=987m)... 15000 (mem=954m)... 16000 (mem=918m)... 17000 (mem=970m)... 18000 (mem=939m)... 19000 (mem=914m)... 20000 (mem=973m)... 21000 (mem=950m)... 22000 (mem=928m)... 23000 (mem=988m)... 24000 (mem=956m)... 25000 (mem=928m)... 26000 (mem=987m)... 27000 (mem=955m)... 28000 (mem=926m)... 29000 (mem=995m)... 30000 (mem=965m)... 31000 (mem=943m)... 32000 (mem=918m)... 33000 (mem=969m)... 34000 (mem=936m)... 35000 (mem=902m)... 36000 (mem=969m)... 37000 (mem=936m)... 38000 (mem=991m)... 39000 (mem=958m)... 40000 (mem=929m)... 41000 (mem=994m)... 42000 (mem=969m)...
Done with pass 1. Seconds: 8.702.
Phrase extractor set to count alignments: false
Some feature extractor needs an additional pass over the data.
Pass 2 on training data (max phrase len: 1000,1000)...
Line 0 (mem=969m)... 1000 (mem=936m)... 2000 (mem=994m)... 3000 (mem=967m)... 4000 (mem=940m)... 5000 (mem=994m)... 6000 (mem=962m)... 7000 (mem=930m)... 8000 (mem=981m)... 9000 (mem=956m)... 10000 (mem=931m)... 11000 (mem=901m)... 12000 (mem=959m)... 13000 (mem=924m)... 14000 (mem=963m)... 15000 (mem=929m)... 16000 (mem=980m)... 17000 (mem=946m)... 18000 (mem=916m)... 19000 (mem=960m)... 20000 (mem=934m)... 21000 (mem=910m)... 22000 (mem=971m)... 23000 (mem=939m)... 24000 (mem=907m)... 25000 (mem=947m)... 26000 (mem=920m)... 27000 (mem=966m)... 28000 (mem=935m)... 29000 (mem=969m)... 30000 (mem=941m)... 31000 (mem=916m)... 32000 (mem=965m)... 33000 (mem=934m)... 34000 (mem=965m)... 35000 (mem=929m)... 36000 (mem=965m)... 37000 (mem=931m)... 38000 (mem=955m)... 39000 (mem=921m)... 40000 (mem=957m)... 41000 (mem=932m)... 42000 (mem=905m)...
Done with pass 2. Seconds: 14.267.
Counts of MSD labels (forward):
Counts: [1365105, 229, 974, 2]
RelFreq: [0.9991181, 1.6760471E-4, 7.12869E-4, 1.4637966E-6]
Counts of MSD labels (backward):
Counts: [1252412, 215, 113649, 34]
RelFreq: [0.91663826, 1.5735814E-4, 0.08317951, 2.4884543E-5]
Phrases in memory: 30581
Minimum gap size: 1
Phrases written: 30526
Done generating phrase table. Seconds: 2.419.
Extraction ended at 2012-Apr-23 09:51 PM
